#
# There is insufficient memory for the Java Runtime Environment to continue.
# Native memory allocation (mmap) failed to map 31457280 bytes for Failed to commit area from 0x00000000e2600000 to 0x00000000e4400000 of length 31457280.
# Possible reasons:
#   The system is out of physical RAM or swap space
#   The process is running with CompressedOops enabled, and the Java Heap may be blocking the growth of the native heap
# Possible solutions:
#   Reduce memory load on the system
#   Increase physical memory or swap space
#   Check if swap backing store is full
#   Decrease Java heap size (-Xmx/-Xms)
#   Decrease number of Java threads
#   Decrease Java thread stack sizes (-Xss)
#   Set larger code cache with -XX:ReservedCodeCacheSize=
# This output file may be truncated or incomplete.
#
#  Out of Memory Error (c:/BuildAgent/work/5ff2f6c26000d570/src/hotspot/os/windows/os_windows.cpp:3296), pid=3012, tid=2096
#
# JRE version:  (11.0.6+8) (build )
# Java VM: OpenJDK 64-Bit Server VM (11.0.6+8-b520.43, mixed mode, sharing, tiered, compressed oops, g1 gc, windows-amd64)
# No core dump will be written. Minidumps are not enabled by default on client versions of Windows
#

---------------  S U M M A R Y ------------

Command Line: org.jetbrains.git4idea.http.GitAskPassApp Password for 'https://github.com': 

Host: Intel(R) Celeron(R) CPU N3350 @ 1.10GHz, 2 cores, 1G,  Windows 10 , 64 bit Build 17134 (10.0.17134.753)
Time: Wed Jun  3 19:40:33 2020 Paris, Madrid (heure d?été) elapsed time: 0 seconds (0d 0h 0m 0s)

---------------  T H R E A D  ---------------

Current thread (0x000002333f0d9800):  JavaThread "Unknown thread" [_thread_in_vm, id=2096, stack(0x0000006555c00000,0x0000006555d00000)]

Stack: [0x0000006555c00000,0x0000006555d00000]
Native frames: (J=compiled Java code, j=interpreted, Vv=VM code, C=native code)
V  [jvm.dll+0x5de31a]
V  [jvm.dll+0x710ae5]
V  [jvm.dll+0x712005]
V  [jvm.dll+0x7126b3]
V  [jvm.dll+0x23e3a8]
V  [jvm.dll+0x5db814]
V  [jvm.dll+0x5d0a35]
V  [jvm.dll+0x2faeeb]
V  [jvm.dll+0x2fae5a]
V  [jvm.dll+0x2fad32]
V  [jvm.dll+0x2ffc06]
V  [jvm.dll+0x348483]
V  [jvm.dll+0x348b86]
V  [jvm.dll+0x348583]
V  [jvm.dll+0x2d57b8]
V  [jvm.dll+0x2d6957]
V  [jvm.dll+0x6ef8a7]
V  [jvm.dll+0x6f109c]
V  [jvm.dll+0x355a79]
V  [jvm.dll+0x6d49ee]
V  [jvm.dll+0x3bf0a3]
V  [jvm.dll+0x3c15c1]
C  [jli.dll+0x5363]
C  [ucrtbase.dll+0x1e3fe]
C  [KERNEL32.DLL+0x14034]
C  [ntdll.dll+0x73691]


---------------  P R O C E S S  ---------------

Threads class SMR info:
_java_thread_list=0x000002333efc19c0, length=0, elements={
}

Java Threads: ( => current thread )

Other Threads:
  0x000002333f0f1800 GCTaskThread "GC Thread#0" [stack: 0x0000006555d00000,0x0000006555e00000] [id=5208]
  0x000002333f0ff800 ConcurrentGCThread "G1 Main Marker" [stack: 0x0000006555e00000,0x0000006555f00000] [id=5320]
  0x000002333f103000 ConcurrentGCThread "G1 Conc#0" [stack: 0x0000006555f00000,0x0000006556000000] [id=8140]

[error occurred during error reporting (printing all threads), id 0xc0000005, EXCEPTION_ACCESS_VIOLATION (0xc0000005) at pc=0x00007ffea04d6027]

VM state:not at safepoint (not fully initialized)

VM Mutex/Monitor currently owned by a thread:  ([mutex/lock_event])
[0x000002333f0d8dd0] Heap_lock - owner thread: 0x000002333f0d9800

Heap address: 0x00000000e2600000, size: 474 MB, Compressed Oops mode: Non-zero based: 0x00000000e2600000
Narrow klass base: 0x0000000000000000, Narrow klass shift: 0

GC Heap History (0 events):
No events

Deoptimization events (0 events):
No events

Classes redefined (0 events):
No events

Internal exceptions (0 events):
No events

Events (2 events):
Event: 0.024 Loaded shared library F:\PhpStorm 2019.3.4\jbr\bin\zip.dll
Event: 0.025 Loaded shared library F:\PhpStorm 2019.3.4\jbr\bin\jimage.dll


Dynamic libraries:
0x00007ff7a7900000 - 0x00007ff7a790a000 	F:\PhpStorm 2019.3.4\jbr\bin\java.exe
0x00007ffed28b0000 - 0x00007ffed2a91000 	C:\WINDOWS\SYSTEM32\ntdll.dll
0x00007ffed26d0000 - 0x00007ffed2781000 	C:\WINDOWS\System32\KERNEL32.DLL
0x00007ffecf810000 - 0x00007ffecfa83000 	C:\WINDOWS\System32\KERNELBASE.dll
0x00007ffecfaf0000 - 0x00007ffecfbe8000 	C:\WINDOWS\System32\ucrtbase.dll
0x00007ffec12c0000 - 0x00007ffec12d9000 	F:\PhpStorm 2019.3.4\jbr\bin\jli.dll
0x00007ffed22f0000 - 0x00007ffed2480000 	C:\WINDOWS\System32\USER32.dll
0x00007ffecf060000 - 0x00007ffecf080000 	C:\WINDOWS\System32\win32u.dll
0x00007ffed27b0000 - 0x00007ffed27d8000 	C:\WINDOWS\System32\GDI32.dll
0x00007ffecec80000 - 0x00007ffecee11000 	C:\WINDOWS\System32\gdi32full.dll
0x00007ffecfbf0000 - 0x00007ffecfc8f000 	C:\WINDOWS\System32\msvcp_win.dll
0x00007ffebfa50000 - 0x00007ffebfa67000 	F:\PhpStorm 2019.3.4\jbr\bin\VCRUNTIME140.dll
0x00007ffec07b0000 - 0x00007ffec0a19000 	C:\WINDOWS\WinSxS\amd64_microsoft.windows.common-controls_6595b64144ccf1df_6.0.17134.950_none_fb3da4273069d3e0\COMCTL32.dll
0x00007ffed0190000 - 0x00007ffed022e000 	C:\WINDOWS\System32\msvcrt.dll
0x00007ffed0770000 - 0x00007ffed0a92000 	C:\WINDOWS\System32\combase.dll
0x00007ffed25a0000 - 0x00007ffed26c4000 	C:\WINDOWS\System32\RPCRT4.dll
0x00007ffecf790000 - 0x00007ffecf809000 	C:\WINDOWS\System32\bcryptPrimitives.dll
0x00007ffed27f0000 - 0x00007ffed281d000 	C:\WINDOWS\System32\IMM32.DLL
0x00007ffebe600000 - 0x00007ffebe69d000 	F:\PhpStorm 2019.3.4\jbr\bin\msvcp140.dll
0x00007ffea01f0000 - 0x00007ffea0cad000 	F:\PhpStorm 2019.3.4\jbr\bin\server\jvm.dll
0x00007ffed0c10000 - 0x00007ffed0cb1000 	C:\WINDOWS\System32\ADVAPI32.dll
0x00007ffed03b0000 - 0x00007ffed040b000 	C:\WINDOWS\System32\sechost.dll
0x00007ffed27e0000 - 0x00007ffed27e8000 	C:\WINDOWS\System32\PSAPI.DLL
0x00007ffebdbc0000 - 0x00007ffebdbc9000 	C:\WINDOWS\SYSTEM32\WSOCK32.dll
0x00007ffed2530000 - 0x00007ffed259c000 	C:\WINDOWS\System32\WS2_32.dll
0x00007ffecc480000 - 0x00007ffecc4a3000 	C:\WINDOWS\SYSTEM32\WINMM.dll
0x00007ffebd640000 - 0x00007ffebd64a000 	C:\WINDOWS\SYSTEM32\VERSION.dll
0x00007ffecc450000 - 0x00007ffecc47a000 	C:\WINDOWS\SYSTEM32\winmmbase.dll
0x00007ffecf010000 - 0x00007ffecf059000 	C:\WINDOWS\System32\cfgmgr32.dll
0x00007ffecec40000 - 0x00007ffecec51000 	C:\WINDOWS\System32\kernel.appcore.dll
0x00007ffea8700000 - 0x00007ffea8711000 	F:\PhpStorm 2019.3.4\jbr\bin\verify.dll
0x00007ffecd5c0000 - 0x00007ffecd789000 	C:\WINDOWS\SYSTEM32\DBGHELP.DLL
0x00007ffebb6c0000 - 0x00007ffebb6e9000 	C:\WINDOWS\SYSTEM32\dbgcore.DLL
0x00007ffea1df0000 - 0x00007ffea1e19000 	F:\PhpStorm 2019.3.4\jbr\bin\java.dll
0x00007ffea82a0000 - 0x00007ffea82b8000 	F:\PhpStorm 2019.3.4\jbr\bin\zip.dll
0x00007ffec6480000 - 0x00007ffec648b000 	F:\PhpStorm 2019.3.4\jbr\bin\jimage.dll

dbghelp: loaded successfully - version: 4.0.5 - missing functions: none
symbol engine: initialized successfully - sym options: 0x614 - pdb path: .;F:\PhpStorm 2019.3.4\jbr\bin;C:\WINDOWS\SYSTEM32;C:\WINDOWS\WinSxS\amd64_microsoft.windows.common-controls_6595b64144ccf1df_6.0.17134.950_none_fb3da4273069d3e0;F:\PhpStorm 2019.3.4\jbr\bin\server

VM Arguments:
java_command: org.jetbrains.git4idea.http.GitAskPassApp Password for 'https://github.com': 
java_class_path (initial): F:/PhpStorm 2019.3.4/plugins/git4idea/lib/git4idea-rt.jar;F:/PhpStorm 2019.3.4/lib/xmlrpc-2.0.1.jar;F:/PhpStorm 2019.3.4/lib/commons-codec-1.13.jar;F:/PhpStorm 2019.3.4/lib/util.jar
Launcher Type: SUN_STANDARD

[Global flags]
     intx CICompilerCount                          = 2                                         {product} {ergonomic}
     uint ConcGCThreads                            = 1                                         {product} {ergonomic}
     uint G1ConcRefinementThreads                  = 2                                         {product} {ergonomic}
   size_t G1HeapRegionSize                         = 1048576                                   {product} {ergonomic}
    uintx GCDrainStackTargetSize                   = 64                                        {product} {ergonomic}
   size_t InitialHeapSize                          = 31457280                                  {product} {ergonomic}
   size_t MarkStackSize                            = 4194304                                   {product} {ergonomic}
   size_t MaxHeapSize                              = 497025024                                 {product} {ergonomic}
   size_t MinHeapDeltaBytes                        = 1048576                                   {product} {ergonomic}
    uintx NonNMethodCodeHeapSize                   = 5825164                                {pd product} {ergonomic}
    uintx NonProfiledCodeHeapSize                  = 122916538                              {pd product} {ergonomic}
    uintx ProfiledCodeHeapSize                     = 122916538                              {pd product} {ergonomic}
    uintx ReservedCodeCacheSize                    = 251658240                              {pd product} {ergonomic}
     bool SegmentedCodeCache                       = true                                      {product} {ergonomic}
     bool UseCompressedClassPointers               = true                                 {lp64_product} {ergonomic}
     bool UseCompressedOops                        = true                                 {lp64_product} {ergonomic}
     bool UseG1GC                                  = true                                      {product} {ergonomic}
     bool UseLargePagesIndividualAllocation        = false                                  {pd product} {ergonomic}

Logging:
Log output configuration:
 #0: stdout all=warning uptime,level,tags
 #1: stderr all=off uptime,level,tags

Environment Variables:
PATH=F:/Programme/Git/mingw64/libexec/git-core;F:/Programme/Git/mingw64/libexec/git-core;F:\Programme\Git\mingw64\bin;F:\Programme\Git\usr\bin;C:\Users\hugob\bin;C:\Program Files (x86)\Common Files\Oracle\Java\javapath;C:\WINDOWS\system32;C:\WINDOWS;C:\WINDOWS\System32\Wbem;C:\WINDOWS\System32\WindowsPowerShell\v1.0\;C:\WINDOWS\System32\OpenSSH\;C:\Program Files\WorldPainter;D:\Programme\WorldPainter;F:\Programme\Git\cmd;F:\Programme\nodejs\;F:\Programme\worldpainter\WorldPainter;C:\Users\hugob\AppData\Local\Microsoft\WindowsApps;C:\Users\hugob\AppData\Roaming\Dashlane\6.1933.0.22573\bin\Firefox_Extension\{442718d9-475e-452a-b3e1-fb1ee16b8e9f}\components;C:\Users\hugob\AppData\Roaming\Dashlane\6.1933.0.22573\ucrt;C:\Users\hugob\AppData\Roaming\Dashlane\6.1933.0.22573\bin\Qt;C:\Users\hugob\AppData\Roaming\Dashlane\6.1933.0.22573\ucrt;C:\Users\hugob\AppData\Roaming\Dashlane\6.1933.0.22573\bin\Ssl;C:\Program Files\heroku\bin;C:\Users\hugob\AppData\Local\GitHubDesktop\bin;C:\Users\hugob\AppData\Roaming\npm
USERNAME=hugob
DISPLAY=:0.0
OS=Windows_NT
PROCESSOR_IDENTIFIER=Intel64 Family 6 Model 92 Stepping 9, GenuineIntel



---------------  S Y S T E M  ---------------

OS: Windows 10 , 64 bit Build 17134 (10.0.17134.753)

CPU:total 2 (initial active 2) (2 cores per cpu, 1 threads per core) family 6 model 92 stepping 9, cmov, cx8, fxsr, mmx, sse, sse2, sse3, ssse3, sse4.1, sse4.2, popcnt, aes, clmul, erms, 3dnowpref, tsc, tscinvbit, sha

Memory: 4k page, system-wide physical 1888M (436M free)
TotalPageFile size 2815M (AvailPageFile size 34M)
current process WorkingSet (physical memory assigned to process): 9M, peak: 9M
current process commit charge ("private bytes"): 47M, peak: 77M

vm_info: OpenJDK 64-Bit Server VM (11.0.6+8-b520.43) for windows-amd64 JRE (11.0.6+8-b520.43), built on Feb  3 2020 14:18:56 by "" with MS VC++ 14.0 (VS2015)

END.
